1499609374640	geckodriver	INFO	Listening on 127.0.0.1:52131
1499609375845	geckodriver::marionette	INFO	Starting browser /usr/bin/firefox with args ["-marionette"]
1499609380828	Marionette	INFO	Listening on port 46591
1499609381070	Marionette	WARN	TLS certificate errors will be ignored for this session
1499609425403	geckodriver	INFO	Listening on 127.0.0.1:57263
1499609426585	geckodriver::marionette	INFO	Starting browser /usr/bin/firefox with args ["-marionette"]
1499609432014	Marionette	INFO	Listening on port 38341
1499609432380	Marionette	WARN	TLS certificate errors will be ignored for this session
*************************
A coding exception was thrown and uncaught in a Task.

Full message: TypeError: NetworkError when attempting to fetch resource.
Full stack: 
*************************
1499609906449	geckodriver	INFO	Listening on 127.0.0.1:33389
1499609907815	geckodriver::marionette	INFO	Starting browser /usr/bin/firefox with args ["-marionette"]
1499609913729	Marionette	INFO	Listening on port 40295
1499609914049	Marionette	WARN	TLS certificate errors will be ignored for this session
1499609914909	Marionette	INFO	New connections will no longer be accepted
*************************
A coding exception was thrown and uncaught in a Task.

Full message: TypeError: NetworkError when attempting to fetch resource.
Full stack: 
*************************
1499610089069	Marionette	INFO	Ceased listening
1499610094029	Marionette	INFO	Ceased listening
1499610106435	geckodriver	INFO	Listening on 127.0.0.1:54187
1499610107836	geckodriver::marionette	INFO	Starting browser /usr/bin/firefox with args ["-marionette"]
1499610112299	Marionette	INFO	Listening on port 41757
1499610112481	Marionette	WARN	TLS certificate errors will be ignored for this session
1499610113210	Marionette	INFO	New connections will no longer be accepted
1499701778190	geckodriver	INFO	Listening on 127.0.0.1:49681
1499701779379	geckodriver::marionette	INFO	Starting browser /usr/bin/firefox with args ["-marionette"]
1499701784053	Marionette	INFO	Listening on port 45587
1499701784263	Marionette	WARN	TLS certificate errors will be ignored for this session
1499701784979	Marionette	INFO	New connections will no longer be accepted
1499701906488	geckodriver	INFO	Listening on 127.0.0.1:33749
1499701907618	geckodriver::marionette	INFO	Starting browser /usr/bin/firefox with args ["-marionette"]
1499701911609	Marionette	INFO	Listening on port 32819
1499701911756	Marionette	WARN	TLS certificate errors will be ignored for this session
1499701912631	Marionette	INFO	New connections will no longer be accepted
1499704034257	geckodriver	INFO	Listening on 127.0.0.1:47337
1499704035849	geckodriver::marionette	INFO	Starting browser /usr/bin/firefox with args ["-marionette"]
1499704051897	Marionette	INFO	Listening on port 40933
1499704054065	Marionette	WARN	TLS certificate errors will be ignored for this session
1499704057718	Marionette	INFO	New connections will no longer be accepted
1499704083592	geckodriver	INFO	Listening on 127.0.0.1:58845
1499704085256	geckodriver::marionette	INFO	Starting browser /usr/bin/firefox with args ["-marionette"]
1499704101436	Marionette	INFO	Listening on port 37419
1499704103748	Marionette	WARN	TLS certificate errors will be ignored for this session
1499704111023	Marionette	INFO	New connections will no longer be accepted
1499704242835	geckodriver	INFO	Listening on 127.0.0.1:53349
1499704244437	geckodriver::marionette	INFO	Starting browser /usr/bin/firefox with args ["-marionette"]
1499704261402	Marionette	INFO	Listening on port 34349
1499704263527	Marionette	WARN	TLS certificate errors will be ignored for this session
1499704269663	Marionette	INFO	New connections will no longer be accepted
1499706030039	geckodriver	INFO	Listening on 127.0.0.1:56063
1499706031259	geckodriver::marionette	INFO	Starting browser /usr/bin/firefox with args ["-marionette"]
1499706035007	Marionette	INFO	Listening on port 37231
1499706035135	Marionette	WARN	TLS certificate errors will be ignored for this session
1499706039071	Marionette	INFO	New connections will no longer be accepted
1499706145344	geckodriver	INFO	Listening on 127.0.0.1:48207
1499706146523	geckodriver::marionette	INFO	Starting browser /usr/bin/firefox with args ["-marionette"]
1499706150433	Marionette	INFO	Listening on port 38219
1499706150571	Marionette	WARN	TLS certificate errors will be ignored for this session
1499706151569	Marionette	INFO	New connections will no longer be accepted
1499706266244	geckodriver	INFO	Listening on 127.0.0.1:38399
1499706267377	geckodriver::marionette	INFO	Starting browser /usr/bin/firefox with args ["-marionette"]
1499706271136	Marionette	INFO	Listening on port 39729
1499706271321	Marionette	WARN	TLS certificate errors will be ignored for this session
1499706275416	Marionette	INFO	New connections will no longer be accepted
1499706332061	geckodriver	INFO	Listening on 127.0.0.1:32953
1499706333220	geckodriver::marionette	INFO	Starting browser /usr/bin/firefox with args ["-marionette"]
1499706336953	Marionette	INFO	Listening on port 40491
1499706337097	Marionette	WARN	TLS certificate errors will be ignored for this session
1499706341258	Marionette	INFO	New connections will no longer be accepted
1499706577233	geckodriver	INFO	Listening on 127.0.0.1:38151
1499706578399	geckodriver::marionette	INFO	Starting browser /usr/bin/firefox with args ["-marionette"]
1499706582168	Marionette	INFO	Listening on port 44875
1499706582348	Marionette	WARN	TLS certificate errors will be ignored for this session
1499706586468	Marionette	INFO	New connections will no longer be accepted
1499707616911	geckodriver	INFO	Listening on 127.0.0.1:53363
1499707618085	geckodriver::marionette	INFO	Starting browser /usr/bin/firefox with args ["-marionette"]
1499707621888	Marionette	INFO	Listening on port 39957
1499707622071	Marionette	WARN	TLS certificate errors will be ignored for this session
1499707626677	Marionette	INFO	New connections will no longer be accepted
1499707848206	geckodriver	INFO	Listening on 127.0.0.1:60515
1499707849356	geckodriver::marionette	INFO	Starting browser /usr/bin/firefox with args ["-marionette"]
1499707853085	Marionette	INFO	Listening on port 43419
1499707853232	Marionette	WARN	TLS certificate errors will be ignored for this session
1499707867942	Marionette	INFO	New connections will no longer be accepted
1499708086388	geckodriver	INFO	Listening on 127.0.0.1:33049
1499708087536	geckodriver::marionette	INFO	Starting browser /usr/bin/firefox with args ["-marionette"]
1499708091345	Marionette	INFO	Listening on port 44275
1499708091523	Marionette	WARN	TLS certificate errors will be ignored for this session
1499708106017	Marionette	INFO	New connections will no longer be accepted
1499708174147	geckodriver	INFO	Listening on 127.0.0.1:39373
1499708175353	geckodriver::marionette	INFO	Starting browser /usr/bin/firefox with args ["-marionette"]
1499708179166	Marionette	INFO	Listening on port 43471
1499708179344	Marionette	WARN	TLS certificate errors will be ignored for this session
1499708184234	Marionette	INFO	New connections will no longer be accepted
1499712971047	geckodriver	INFO	Listening on 127.0.0.1:59365
1499712972181	geckodriver::marionette	INFO	Starting browser /usr/bin/firefox with args ["-marionette"]
1499712976245	Marionette	INFO	Listening on port 36731
1499712976390	Marionette	WARN	TLS certificate errors will be ignored for this session
1499712978262	Marionette	INFO	New connections will no longer be accepted
1499713102852	geckodriver	INFO	Listening on 127.0.0.1:37929
1499713104044	geckodriver::marionette	INFO	Starting browser /usr/bin/firefox with args ["-marionette"]
1499713107627	Marionette	INFO	Listening on port 37443
1499713107797	Marionette	WARN	TLS certificate errors will be ignored for this session
1499713109884	Marionette	INFO	New connections will no longer be accepted
1499714558179	geckodriver	INFO	Listening on 127.0.0.1:38615
1499714559407	geckodriver::marionette	INFO	Starting browser /usr/bin/firefox with args ["-marionette"]
1499714563801	Marionette	INFO	Listening on port 45537
1499714564017	Marionette	WARN	TLS certificate errors will be ignored for this session
1499714565581	Marionette	INFO	New connections will no longer be accepted
1499714794824	geckodriver	INFO	Listening on 127.0.0.1:34621
1499714796012	geckodriver::marionette	INFO	Starting browser /usr/bin/firefox with args ["-marionette"]
1499714799784	Marionette	INFO	Listening on port 37023
1499714799939	Marionette	WARN	TLS certificate errors will be ignored for this session
1499714801567	Marionette	INFO	New connections will no longer be accepted
1499714950103	geckodriver	INFO	Listening on 127.0.0.1:57851
1499714951284	geckodriver::marionette	INFO	Starting browser /usr/bin/firefox with args ["-marionette"]
1499714954957	Marionette	INFO	Listening on port 40617
1499714955103	Marionette	WARN	TLS certificate errors will be ignored for this session
1499714956600	Marionette	INFO	New connections will no longer be accepted
1499715071243	geckodriver	INFO	Listening on 127.0.0.1:42543
1499715072422	geckodriver::marionette	INFO	Starting browser /usr/bin/firefox with args ["-marionette"]
1499715076116	Marionette	INFO	Listening on port 43965
1499715076254	Marionette	WARN	TLS certificate errors will be ignored for this session
1499715077965	Marionette	INFO	New connections will no longer be accepted
1499715406206	geckodriver	INFO	Listening on 127.0.0.1:39231
1499715407392	geckodriver::marionette	INFO	Starting browser /usr/bin/firefox with args ["-marionette"]
1499715411061	Marionette	INFO	Listening on port 42235
1499715411224	Marionette	WARN	TLS certificate errors will be ignored for this session
1499715412087	Marionette	INFO	New connections will no longer be accepted
1499715506585	geckodriver	INFO	Listening on 127.0.0.1:36675
1499715507716	geckodriver::marionette	INFO	Starting browser /usr/bin/firefox with args ["-marionette"]
1499715511314	Marionette	INFO	Listening on port 41585
1499715511479	Marionette	WARN	TLS certificate errors will be ignored for this session
1499715513155	Marionette	INFO	New connections will no longer be accepted
1499723345158	geckodriver	INFO	Listening on 127.0.0.1:50023
1499723346319	geckodriver::marionette	INFO	Starting browser /usr/bin/firefox with args ["-marionette"]
1499723350121	Marionette	INFO	Listening on port 36371
1499723350279	Marionette	WARN	TLS certificate errors will be ignored for this session
1499723352122	Marionette	INFO	New connections will no longer be accepted
1499724452931	geckodriver	INFO	Listening on 127.0.0.1:45441
1499724454266	geckodriver::marionette	INFO	Starting browser /usr/bin/firefox with args ["-marionette"]
1499724460537	Marionette	INFO	Listening on port 37545
1499724460782	Marionette	WARN	TLS certificate errors will be ignored for this session
1499724463062	Marionette	INFO	New connections will no longer be accepted
1499744106537	geckodriver	INFO	Listening on 127.0.0.1:57387
1499744107912	geckodriver::marionette	INFO	Starting browser /usr/bin/firefox with args ["-marionette"]
1499744113104	Marionette	INFO	Listening on port 38001
1499744113324	Marionette	WARN	TLS certificate errors will be ignored for this session
1499744115844	Marionette	INFO	New connections will no longer be accepted
1499744346955	geckodriver	INFO	Listening on 127.0.0.1:47523
1499744348192	geckodriver::marionette	INFO	Starting browser /usr/bin/firefox with args ["-marionette"]
1499744353442	Marionette	INFO	Listening on port 38581
1499744353649	Marionette	WARN	TLS certificate errors will be ignored for this session
1499744356197	Marionette	INFO	New connections will no longer be accepted
1499744371986	geckodriver	INFO	Listening on 127.0.0.1:60355
1499744373212	geckodriver::marionette	INFO	Starting browser /usr/bin/firefox with args ["-marionette"]
1499744378212	Marionette	INFO	Listening on port 41863
1499744378421	Marionette	WARN	TLS certificate errors will be ignored for this session
1499744380718	Marionette	INFO	New connections will no longer be accepted
1499744428684	geckodriver	INFO	Listening on 127.0.0.1:56385
1499744429891	geckodriver::marionette	INFO	Starting browser /usr/bin/firefox with args ["-marionette"]
1499744434483	Marionette	INFO	Listening on port 46165
1499744434695	Marionette	WARN	TLS certificate errors will be ignored for this session
1499744437098	Marionette	INFO	New connections will no longer be accepted
1499744472537	geckodriver	INFO	Listening on 127.0.0.1:51387
1499744473754	geckodriver::marionette	INFO	Starting browser /usr/bin/firefox with args ["-marionette"]
1499744478449	Marionette	INFO	Listening on port 35209
1499744478646	Marionette	WARN	TLS certificate errors will be ignored for this session
1499744480713	Marionette	INFO	New connections will no longer be accepted
1499744582704	geckodriver	INFO	Listening on 127.0.0.1:34573
1499744583963	geckodriver::marionette	INFO	Starting browser /usr/bin/firefox with args ["-marionette"]
1499744588721	Marionette	INFO	Listening on port 33009
1499744588938	Marionette	WARN	TLS certificate errors will be ignored for this session
1499744591118	Marionette	INFO	New connections will no longer be accepted
1499744723361	geckodriver	INFO	Listening on 127.0.0.1:51177
1499744724712	geckodriver::marionette	INFO	Starting browser /usr/bin/firefox with args ["-marionette"]
1499744729283	Marionette	INFO	Listening on port 36449
1499744729483	Marionette	WARN	TLS certificate errors will be ignored for this session
1499744731478	Marionette	INFO	New connections will no longer be accepted
1499744900011	geckodriver	INFO	Listening on 127.0.0.1:56237
1499744901339	geckodriver::marionette	INFO	Starting browser /usr/bin/firefox with args ["-marionette"]
1499744905617	Marionette	INFO	Listening on port 36429
1499744905788	Marionette	WARN	TLS certificate errors will be ignored for this session
1499744908173	Marionette	INFO	New connections will no longer be accepted
1499745055301	geckodriver	INFO	Listening on 127.0.0.1:33911
1499745056776	geckodriver::marionette	INFO	Starting browser /usr/bin/firefox with args ["-marionette"]
1499745061355	Marionette	INFO	Listening on port 38597
1499745061527	Marionette	WARN	TLS certificate errors will be ignored for this session
1499745063395	Marionette	INFO	New connections will no longer be accepted
1499745106095	geckodriver	INFO	Listening on 127.0.0.1:56067
1499745107634	geckodriver::marionette	INFO	Starting browser /usr/bin/firefox with args ["-marionette"]
1499745111965	Marionette	INFO	Listening on port 41967
1499745112150	Marionette	WARN	TLS certificate errors will be ignored for this session
1499745114204	Marionette	INFO	New connections will no longer be accepted
1499745495112	geckodriver	INFO	Listening on 127.0.0.1:45267
1499745496256	geckodriver::marionette	INFO	Starting browser /usr/bin/firefox with args ["-marionette"]
1499745499949	Marionette	INFO	Listening on port 36165
1499745500133	Marionette	WARN	TLS certificate errors will be ignored for this session
1499745501911	Marionette	INFO	New connections will no longer be accepted
1499745804019	geckodriver	INFO	Listening on 127.0.0.1:57195
1499745805172	geckodriver::marionette	INFO	Starting browser /usr/bin/firefox with args ["-marionette"]
1499745808864	Marionette	INFO	Listening on port 39897
1499745809004	Marionette	WARN	TLS certificate errors will be ignored for this session
1499745810736	Marionette	INFO	New connections will no longer be accepted
1499745908551	geckodriver	INFO	Listening on 127.0.0.1:47967
1499745909677	geckodriver::marionette	INFO	Starting browser /usr/bin/firefox with args ["-marionette"]
1499745913533	Marionette	INFO	Listening on port 33223
1499745913697	Marionette	WARN	TLS certificate errors will be ignored for this session
1499745915565	Marionette	INFO	New connections will no longer be accepted
1499781073039	geckodriver	INFO	Listening on 127.0.0.1:36327
1499781074205	geckodriver::marionette	INFO	Starting browser /usr/bin/firefox with args ["-marionette"]
1499781078693	Marionette	INFO	Listening on port 42333
1499781078852	Marionette	WARN	TLS certificate errors will be ignored for this session
1499781080955	Marionette	INFO	New connections will no longer be accepted
1499781188272	geckodriver	INFO	Listening on 127.0.0.1:33069
1499781189431	geckodriver::marionette	INFO	Starting browser /usr/bin/firefox with args ["-marionette"]
1499781193507	Marionette	INFO	Listening on port 33689
1499781193727	Marionette	WARN	TLS certificate errors will be ignored for this session
1499781195417	Marionette	INFO	New connections will no longer be accepted
1499781441191	geckodriver	INFO	Listening on 127.0.0.1:47623
1499781442364	geckodriver::marionette	INFO	Starting browser /usr/bin/firefox with args ["-marionette"]
1499781446275	Marionette	INFO	Listening on port 34593
1499781446514	Marionette	WARN	TLS certificate errors will be ignored for this session
1499781449164	Marionette	INFO	New connections will no longer be accepted
1499781544311	geckodriver	INFO	Listening on 127.0.0.1:40673
1499781545459	geckodriver::marionette	INFO	Starting browser /usr/bin/firefox with args ["-marionette"]
1499781549137	Marionette	INFO	Listening on port 39281
1499781549352	Marionette	WARN	TLS certificate errors will be ignored for this session
1499781552259	Marionette	INFO	New connections will no longer be accepted
1499782023400	geckodriver	INFO	Listening on 127.0.0.1:55479
1499782024536	geckodriver::marionette	INFO	Starting browser /usr/bin/firefox with args ["-marionette"]
1499782028684	Marionette	INFO	Listening on port 38233
1499782028837	Marionette	WARN	TLS certificate errors will be ignored for this session
1499782030370	Marionette	INFO	New connections will no longer be accepted
1499782462858	geckodriver	INFO	Listening on 127.0.0.1:50147
1499782464023	geckodriver::marionette	INFO	Starting browser /usr/bin/firefox with args ["-marionette"]
1499782468469	Marionette	INFO	Listening on port 34113
1499782468671	Marionette	WARN	TLS certificate errors will be ignored for this session
1499782471234	Marionette	INFO	New connections will no longer be accepted
1499782647126	geckodriver	INFO	Listening on 127.0.0.1:46689
1499782648283	geckodriver::marionette	INFO	Starting browser /usr/bin/firefox with args ["-marionette"]
1499782652093	Marionette	INFO	Listening on port 41217
1499782652318	Marionette	WARN	TLS certificate errors will be ignored for this session
1499782654599	Marionette	INFO	New connections will no longer be accepted
1499782679849	geckodriver	INFO	Listening on 127.0.0.1:46521
1499782681008	geckodriver::marionette	INFO	Starting browser /usr/bin/firefox with args ["-marionette"]
1499782684940	Marionette	INFO	Listening on port 46193
1499782685208	Marionette	WARN	TLS certificate errors will be ignored for this session
1499782686864	Marionette	INFO	New connections will no longer be accepted
1499782801863	geckodriver	INFO	Listening on 127.0.0.1:53521
1499782803000	geckodriver::marionette	INFO	Starting browser /usr/bin/firefox with args ["-marionette"]
1499782806724	Marionette	INFO	Listening on port 34081
1499782806858	Marionette	WARN	TLS certificate errors will be ignored for this session
1499782809084	Marionette	INFO	New connections will no longer be accepted
1499783371631	geckodriver	INFO	Listening on 127.0.0.1:38199
1499783372797	geckodriver::marionette	INFO	Starting browser /usr/bin/firefox with args ["-marionette"]
1499783376605	Marionette	INFO	Listening on port 45575
1499783376884	Marionette	WARN	TLS certificate errors will be ignored for this session
1499783378649	Marionette	INFO	New connections will no longer be accepted
1499783614587	geckodriver	INFO	Listening on 127.0.0.1:36567
1499783615743	geckodriver::marionette	INFO	Starting browser /usr/bin/firefox with args ["-marionette"]
1499783619450	Marionette	INFO	Listening on port 39317
1499783619674	Marionette	WARN	TLS certificate errors will be ignored for this session
1499783637698	Marionette	INFO	New connections will no longer be accepted
1499783784275	geckodriver	INFO	Listening on 127.0.0.1:48119
1499783785460	geckodriver::marionette	INFO	Starting browser /usr/bin/firefox with args ["-marionette"]
1499783789183	Marionette	INFO	Listening on port 36685
1499783789304	Marionette	WARN	TLS certificate errors will be ignored for this session
1499783806205	Marionette	INFO	New connections will no longer be accepted
1499784695189	geckodriver	INFO	Listening on 127.0.0.1:47613
1499784696331	geckodriver::marionette	INFO	Starting browser /usr/bin/firefox with args ["-marionette"]
1499784700131	Marionette	INFO	Listening on port 43349
1499784700308	Marionette	WARN	TLS certificate errors will be ignored for this session
1499784717276	Marionette	INFO	New connections will no longer be accepted
1499784729319	geckodriver	INFO	Listening on 127.0.0.1:39599
1499784730479	geckodriver::marionette	INFO	Starting browser /usr/bin/firefox with args ["-marionette"]
1499784734370	Marionette	INFO	Listening on port 41147
1499784734523	Marionette	WARN	TLS certificate errors will be ignored for this session
1499784751522	Marionette	INFO	New connections will no longer be accepted
1499784986624	geckodriver	INFO	Listening on 127.0.0.1:36629
1499784987838	geckodriver::marionette	INFO	Starting browser /usr/bin/firefox with args ["-marionette"]
1499784991672	Marionette	INFO	Listening on port 33353
1499784991813	Marionette	WARN	TLS certificate errors will be ignored for this session
1499784995614	Marionette	INFO	New connections will no longer be accepted
1499785006624	geckodriver	INFO	Listening on 127.0.0.1:58985
1499785007825	geckodriver::marionette	INFO	Starting browser /usr/bin/firefox with args ["-marionette"]
1499785011609	Marionette	INFO	Listening on port 37075
1499785011745	Marionette	WARN	TLS certificate errors will be ignored for this session
1499785015525	Marionette	INFO	New connections will no longer be accepted
1499785019061	geckodriver	INFO	Listening on 127.0.0.1:38827
1499785020330	geckodriver::marionette	INFO	Starting browser /usr/bin/firefox with args ["-marionette"]
1499785024174	Marionette	INFO	Listening on port 39785
1499785024348	Marionette	WARN	TLS certificate errors will be ignored for this session
1499785028238	Marionette	INFO	New connections will no longer be accepted
1499793741236	geckodriver	INFO	Listening on 127.0.0.1:48715
1499793742419	geckodriver::marionette	INFO	Starting browser /usr/bin/firefox with args ["-marionette"]
1499793746238	Marionette	INFO	Listening on port 34095
1499793746367	Marionette	WARN	TLS certificate errors will be ignored for this session
1499793748034	Marionette	INFO	New connections will no longer be accepted
1499797347674	geckodriver	INFO	Listening on 127.0.0.1:49397
1499797348821	geckodriver::marionette	INFO	Starting browser /usr/bin/firefox with args ["-marionette"]
1499797352624	Marionette	INFO	Listening on port 41997
1499797352774	Marionette	WARN	TLS certificate errors will be ignored for this session
1499797354497	Marionette	INFO	New connections will no longer be accepted
1499797884376	geckodriver	INFO	Listening on 127.0.0.1:36799
1499797885562	geckodriver::marionette	INFO	Starting browser /usr/bin/firefox with args ["-marionette"]
1499797889343	Marionette	INFO	Listening on port 37517
1499797889503	Marionette	WARN	TLS certificate errors will be ignored for this session
1499797891070	Marionette	INFO	New connections will no longer be accepted
1499798050918	geckodriver	INFO	Listening on 127.0.0.1:44241
1499798052110	geckodriver::marionette	INFO	Starting browser /usr/bin/firefox with args ["-marionette"]
1499798055760	Marionette	INFO	Listening on port 35961
1499798055966	Marionette	WARN	TLS certificate errors will be ignored for this session
1499798057590	Marionette	INFO	New connections will no longer be accepted
1499798147516	geckodriver	INFO	Listening on 127.0.0.1:32857
1499798148709	geckodriver::marionette	INFO	Starting browser /usr/bin/firefox with args ["-marionette"]
1499798152371	Marionette	INFO	Listening on port 33773
1499798152524	Marionette	WARN	TLS certificate errors will be ignored for this session
1499798153992	Marionette	INFO	New connections will no longer be accepted
1499822218461	geckodriver	INFO	Listening on 127.0.0.1:47619
1499822219613	geckodriver::marionette	INFO	Starting browser /usr/bin/firefox with args ["-marionette"]
1499822223511	Marionette	INFO	Listening on port 44819
1499822223733	Marionette	WARN	TLS certificate errors will be ignored for this session
1499822224443	Marionette	INFO	New connections will no longer be accepted
1499822270411	geckodriver	INFO	Listening on 127.0.0.1:47881
1499822271577	geckodriver::marionette	INFO	Starting browser /usr/bin/firefox with args ["-marionette"]
1499822275631	Marionette	INFO	Listening on port 39283
1499822275861	Marionette	WARN	TLS certificate errors will be ignored for this session
1499822276530	Marionette	INFO	New connections will no longer be accepted
1499826168168	geckodriver	INFO	Listening on 127.0.0.1:38489
1499826169394	geckodriver::marionette	INFO	Starting browser /usr/bin/firefox with args ["-marionette"]
1499826173526	Marionette	INFO	Listening on port 41705
1499826173692	Marionette	WARN	TLS certificate errors will be ignored for this session
1499826174439	Marionette	INFO	New connections will no longer be accepted
1499826195683	geckodriver	INFO	Listening on 127.0.0.1:50515
1499826197139	geckodriver::marionette	INFO	Starting browser /usr/bin/firefox with args ["-marionette"]
1499826201984	Marionette	INFO	Listening on port 40183
1499826202218	Marionette	WARN	TLS certificate errors will be ignored for this session
1499826203150	Marionette	INFO	New connections will no longer be accepted
1499871270448	geckodriver	INFO	Listening on 127.0.0.1:45197
1499871271615	geckodriver::marionette	INFO	Starting browser /usr/bin/firefox with args ["-marionette"]
1499871277484	Marionette	INFO	Listening on port 37729
1499871277720	Marionette	WARN	TLS certificate errors will be ignored for this session
1499871280057	Marionette	INFO	New connections will no longer be accepted
1499871656748	geckodriver	INFO	Listening on 127.0.0.1:42635
1499871657990	geckodriver::marionette	INFO	Starting browser /usr/bin/firefox with args ["-marionette"]
1499871662846	Marionette	INFO	Listening on port 42897
1499871663089	Marionette	WARN	TLS certificate errors will be ignored for this session
1499871671985	Marionette	INFO	New connections will no longer be accepted
1499871817672	geckodriver	INFO	Listening on 127.0.0.1:35289
1499871818962	geckodriver::marionette	INFO	Starting browser /usr/bin/firefox with args ["-marionette"]
1499871822768	Marionette	INFO	Listening on port 45503
1499871822966	Marionette	WARN	TLS certificate errors will be ignored for this session
1499871831647	Marionette	INFO	New connections will no longer be accepted
1499872519946	geckodriver	INFO	Listening on 127.0.0.1:50019
1499872521105	geckodriver::marionette	INFO	Starting browser /usr/bin/firefox with args ["-marionette"]
1499872525291	Marionette	INFO	Listening on port 42765
1499872525482	Marionette	WARN	TLS certificate errors will be ignored for this session
1499872532916	Marionette	INFO	New connections will no longer be accepted
1499872970785	geckodriver	INFO	Listening on 127.0.0.1:37025
1499872971944	geckodriver::marionette	INFO	Starting browser /usr/bin/firefox with args ["-marionette"]
1499872975833	Marionette	INFO	Listening on port 39225
1499872975994	Marionette	WARN	TLS certificate errors will be ignored for this session
1499872982861	Marionette	INFO	New connections will no longer be accepted
1499872983184	geckodriver	INFO	Listening on 127.0.0.1:60009
1499872984311	geckodriver::marionette	INFO	Starting browser /usr/bin/firefox with args ["-marionette"]
1499872988057	Marionette	INFO	Listening on port 46107
1499872988223	Marionette	WARN	TLS certificate errors will be ignored for this session
1499872989061	Marionette	INFO	New connections will no longer be accepted
1499873966107	geckodriver	INFO	Listening on 127.0.0.1:53545
1499873967337	geckodriver::marionette	INFO	Starting browser /usr/bin/firefox with args ["-marionette"]
1499873975150	Marionette	INFO	Listening on port 40499
1499873975398	Marionette	WARN	TLS certificate errors will be ignored for this session
1499873983807	Marionette	INFO	New connections will no longer be accepted
1499874109949	geckodriver	INFO	Listening on 127.0.0.1:36331
1499874111301	geckodriver::marionette	INFO	Starting browser /usr/bin/firefox with args ["-marionette"]
1499874118178	Marionette	INFO	Listening on port 40587
1499874118463	Marionette	WARN	TLS certificate errors will be ignored for this session
1499874127031	Marionette	INFO	New connections will no longer be accepted
1499874127673	geckodriver	INFO	Listening on 127.0.0.1:45207
1499874128931	geckodriver::marionette	INFO	Starting browser /usr/bin/firefox with args ["-marionette"]
1499874135955	Marionette	INFO	Listening on port 44227
1499874136227	Marionette	WARN	TLS certificate errors will be ignored for this session
1499874138664	Marionette	INFO	New connections will no longer be accepted
1499874188016	geckodriver	INFO	Listening on 127.0.0.1:57597
1499874189276	geckodriver::marionette	INFO	Starting browser /usr/bin/firefox with args ["-marionette"]
1499874196639	Marionette	INFO	Listening on port 38983
1499874197018	Marionette	WARN	TLS certificate errors will be ignored for this session
1499874207469	Marionette	INFO	New connections will no longer be accepted
1499874208000	geckodriver	INFO	Listening on 127.0.0.1:48075
1499874209194	geckodriver::marionette	INFO	Starting browser /usr/bin/firefox with args ["-marionette"]
1499874215238	Marionette	INFO	Listening on port 45263
1499874215444	Marionette	WARN	TLS certificate errors will be ignored for this session
1499874217472	Marionette	INFO	New connections will no longer be accepted
1499958970250	geckodriver	INFO	Listening on 127.0.0.1:48805
1499958971387	geckodriver::marionette	INFO	Starting browser /usr/bin/firefox with args ["-marionette"]
1499958975773	Marionette	INFO	Listening on port 38077
1499958975924	Marionette	WARN	TLS certificate errors will be ignored for this session
1499958982712	Marionette	INFO	New connections will no longer be accepted
1499958983003	geckodriver	INFO	Listening on 127.0.0.1:52651
1499958984162	geckodriver::marionette	INFO	Starting browser /usr/bin/firefox with args ["-marionette"]
1499958988365	Marionette	INFO	Listening on port 44825
1499958988539	Marionette	WARN	TLS certificate errors will be ignored for this session
1499958989578	Marionette	INFO	New connections will no longer be accepted
1499959074213	geckodriver	INFO	Listening on 127.0.0.1:42661
1499959075348	geckodriver::marionette	INFO	Starting browser /usr/bin/firefox with args ["-marionette"]
1499959078435	Marionette	INFO	Listening on port 46119
1499959078631	Marionette	WARN	TLS certificate errors will be ignored for this session
1499959085526	Marionette	INFO	New connections will no longer be accepted
1499959085794	geckodriver	INFO	Listening on 127.0.0.1:53839
1499959086929	geckodriver::marionette	INFO	Starting browser /usr/bin/firefox with args ["-marionette"]
1499959090057	Marionette	INFO	Listening on port 34443
1499959090216	Marionette	WARN	TLS certificate errors will be ignored for this session
1499959094181	Marionette	INFO	New connections will no longer be accepted
1499959109692	geckodriver	INFO	Listening on 127.0.0.1:60581
1499959110844	geckodriver::marionette	INFO	Starting browser /usr/bin/firefox with args ["-marionette"]
1499959113976	Marionette	INFO	Listening on port 39763
1499959114129	Marionette	WARN	TLS certificate errors will be ignored for this session
1499959120628	Marionette	INFO	New connections will no longer be accepted
1499959120896	geckodriver	INFO	Listening on 127.0.0.1:57397
1499959122032	geckodriver::marionette	INFO	Starting browser /usr/bin/firefox with args ["-marionette"]
1499959125162	Marionette	INFO	Listening on port 41369
1499959125311	Marionette	WARN	TLS certificate errors will be ignored for this session
1499959129230	Marionette	INFO	New connections will no longer be accepted
1499959361496	geckodriver	INFO	Listening on 127.0.0.1:59095
1499959362621	geckodriver::marionette	INFO	Starting browser /usr/bin/firefox with args ["-marionette"]
1499959365812	Marionette	INFO	Listening on port 43029
1499959365996	Marionette	WARN	TLS certificate errors will be ignored for this session
1499959372547	Marionette	INFO	New connections will no longer be accepted
1499959372823	geckodriver	INFO	Listening on 127.0.0.1:45475
1499959373945	geckodriver::marionette	INFO	Starting browser /usr/bin/firefox with args ["-marionette"]
1499959377143	Marionette	INFO	Listening on port 39641
1499959377256	Marionette	WARN	TLS certificate errors will be ignored for this session
1499959381145	Marionette	INFO	New connections will no longer be accepted
1499960278053	geckodriver	INFO	Listening on 127.0.0.1:53175
1499960279185	geckodriver::marionette	INFO	Starting browser /usr/bin/firefox with args ["-marionette"]
1499960282384	Marionette	INFO	Listening on port 36649
1499960282536	Marionette	WARN	TLS certificate errors will be ignored for this session
1499960286579	Marionette	INFO	New connections will no longer be accepted
1499960416850	geckodriver	INFO	Listening on 127.0.0.1:59609
1500331394248	geckodriver	INFO	Listening on 127.0.0.1:41131
1500331395423	geckodriver::marionette	INFO	Starting browser /usr/bin/firefox with args ["-marionette"]
1500331401309	Marionette	INFO	Listening on port 38061
1500331401588	Marionette	WARN	TLS certificate errors will be ignored for this session
1500331409339	Marionette	INFO	New connections will no longer be accepted
1500331409736	geckodriver	INFO	Listening on 127.0.0.1:41295
1500331410936	geckodriver::marionette	INFO	Starting browser /usr/bin/firefox with args ["-marionette"]
1500331415871	Marionette	INFO	Listening on port 37871
1500331416069	Marionette	WARN	TLS certificate errors will be ignored for this session
1500331420496	Marionette	INFO	New connections will no longer be accepted
1500332894574	geckodriver	INFO	Listening on 127.0.0.1:46053
1500332895720	geckodriver::marionette	INFO	Starting browser /usr/bin/firefox with args ["-marionette"]
1500332900132	Marionette	INFO	Listening on port 32845
1500332900302	Marionette	WARN	TLS certificate errors will be ignored for this session
1500332907555	Marionette	INFO	New connections will no longer be accepted
1500332907915	geckodriver	INFO	Listening on 127.0.0.1:43397
1500332909072	geckodriver::marionette	INFO	Starting browser /usr/bin/firefox with args ["-marionette"]
1500332913717	Marionette	INFO	Listening on port 40683
1500332913874	Marionette	WARN	TLS certificate errors will be ignored for this session
1500332917960	Marionette	INFO	New connections will no longer be accepted
1500334905234	geckodriver	INFO	Listening on 127.0.0.1:39115
1500334907271	geckodriver::marionette	INFO	Starting browser /usr/bin/firefox with args ["-marionette"]
1500334930672	Marionette	INFO	Listening on port 41885
1500334932839	Marionette	WARN	TLS certificate errors will be ignored for this session
1500334948552	Marionette	INFO	New connections will no longer be accepted
JavaScript error: resource://gre/components/nsUrlClassifierListManager.js, line 536: TypeError: this.tablesData[table] is undefined
1500337485835	geckodriver	INFO	Listening on 127.0.0.1:55197
1500337486987	geckodriver::marionette	INFO	Starting browser /usr/bin/firefox with args ["-marionette"]
1500337491186	Marionette	INFO	Listening on port 36539
1500337491371	Marionette	WARN	TLS certificate errors will be ignored for this session
1500337498506	Marionette	INFO	New connections will no longer be accepted
1500337498887	geckodriver	INFO	Listening on 127.0.0.1:41525
1500337500066	geckodriver::marionette	INFO	Starting browser /usr/bin/firefox with args ["-marionette"]
1500337504433	Marionette	INFO	Listening on port 34879
1500337504595	Marionette	WARN	TLS certificate errors will be ignored for this session
1500337508846	Marionette	INFO	New connections will no longer be accepted
1500344856392	geckodriver	INFO	Listening on 127.0.0.1:40537
1500344857769	geckodriver::marionette	INFO	Starting browser /usr/bin/firefox with args ["-marionette"]
1500344863517	Marionette	INFO	Listening on port 39337
1500344863981	Marionette	WARN	TLS certificate errors will be ignored for this session
1500344874547	Marionette	INFO	New connections will no longer be accepted
1500344875284	geckodriver	INFO	Listening on 127.0.0.1:48823
1500344876548	geckodriver::marionette	INFO	Starting browser /usr/bin/firefox with args ["-marionette"]
1500344882339	Marionette	INFO	Listening on port 44529
1500344882508	Marionette	WARN	TLS certificate errors will be ignored for this session
1500344883799	Marionette	INFO	New connections will no longer be accepted
1500345035976	geckodriver	INFO	Listening on 127.0.0.1:37905
1500345037595	geckodriver::marionette	INFO	Starting browser /usr/bin/firefox with args ["-marionette"]
1500345042997	Marionette	INFO	Listening on port 39423
1500345043227	Marionette	WARN	TLS certificate errors will be ignored for this session
1500345050783	Marionette	INFO	New connections will no longer be accepted
1500345051241	geckodriver	INFO	Listening on 127.0.0.1:36839
1500345052921	geckodriver::marionette	INFO	Starting browser /usr/bin/firefox with args ["-marionette"]
1500345058558	Marionette	INFO	Listening on port 45895
1500345058748	Marionette	WARN	TLS certificate errors will be ignored for this session
1500345063342	Marionette	INFO	New connections will no longer be accepted
1500345063810	geckodriver	INFO	Listening on 127.0.0.1:38963
1500345065057	geckodriver::marionette	INFO	Starting browser /usr/bin/firefox with args ["-marionette"]
1500345070653	Marionette	INFO	Listening on port 32827
1500345070828	Marionette	WARN	TLS certificate errors will be ignored for this session
1500345072114	Marionette	INFO	New connections will no longer be accepted
1500345349276	geckodriver	INFO	Listening on 127.0.0.1:55639
1500345350884	geckodriver::marionette	INFO	Starting browser /usr/bin/firefox with args ["-marionette"]
1500345356467	Marionette	INFO	Listening on port 44843
1500345356780	Marionette	WARN	TLS certificate errors will be ignored for this session
1500345364810	Marionette	INFO	New connections will no longer be accepted
1500345365275	geckodriver	INFO	Listening on 127.0.0.1:38071
1500345366498	geckodriver::marionette	INFO	Starting browser /usr/bin/firefox with args ["-marionette"]
1500345372583	Marionette	INFO	Listening on port 43249
1500345372795	Marionette	WARN	TLS certificate errors will be ignored for this session
1500345377740	Marionette	INFO	New connections will no longer be accepted
1500345378180	geckodriver	INFO	Listening on 127.0.0.1:49859
1500345379402	geckodriver::marionette	INFO	Starting browser /usr/bin/firefox with args ["-marionette"]
1500345384841	Marionette	INFO	Listening on port 40427
1500345385018	Marionette	WARN	TLS certificate errors will be ignored for this session
1500345386265	Marionette	INFO	New connections will no longer be accepted
1500346068154	geckodriver	INFO	Listening on 127.0.0.1:54821
1500346069336	geckodriver::marionette	INFO	Starting browser /usr/bin/firefox with args ["-marionette"]
1500346075089	Marionette	INFO	Listening on port 37035
1500346075313	Marionette	WARN	TLS certificate errors will be ignored for this session
1500346083547	Marionette	INFO	New connections will no longer be accepted
1500346084029	geckodriver	INFO	Listening on 127.0.0.1:43297
1500346085366	geckodriver::marionette	INFO	Starting browser /usr/bin/firefox with args ["-marionette"]
1500346090913	Marionette	INFO	Listening on port 35583
1500346091114	Marionette	WARN	TLS certificate errors will be ignored for this session
1500346096073	Marionette	INFO	New connections will no longer be accepted
1500346096486	geckodriver	INFO	Listening on 127.0.0.1:55207
1500346098244	geckodriver::marionette	INFO	Starting browser /usr/bin/firefox with args ["-marionette"]
1500346103524	Marionette	INFO	Listening on port 35711
1500346103750	Marionette	WARN	TLS certificate errors will be ignored for this session
1500346104781	Marionette	INFO	New connections will no longer be accepted
1500346264315	geckodriver	INFO	Listening on 127.0.0.1:59127
1500346265712	geckodriver::marionette	INFO	Starting browser /usr/bin/firefox with args ["-marionette"]
1500346271940	Marionette	INFO	Listening on port 43695
1500346272187	Marionette	WARN	TLS certificate errors will be ignored for this session
1500346280163	Marionette	INFO	New connections will no longer be accepted
1500346280524	geckodriver	INFO	Listening on 127.0.0.1:60425
1500346282002	geckodriver::marionette	INFO	Starting browser /usr/bin/firefox with args ["-marionette"]
1500346288078	Marionette	INFO	Listening on port 35803
1500346288312	Marionette	WARN	TLS certificate errors will be ignored for this session
1500346292934	Marionette	INFO	New connections will no longer be accepted
1500346293343	geckodriver	INFO	Listening on 127.0.0.1:51645
1500346294686	geckodriver::marionette	INFO	Starting browser /usr/bin/firefox with args ["-marionette"]
1500346300280	Marionette	INFO	Listening on port 44681
1500346300451	Marionette	WARN	TLS certificate errors will be ignored for this session
1500346301714	Marionette	INFO	New connections will no longer be accepted
1500346420943	geckodriver	INFO	Listening on 127.0.0.1:46881
1500346422310	geckodriver::marionette	INFO	Starting browser /usr/bin/firefox with args ["-marionette"]
1500346427623	Marionette	INFO	Listening on port 37447
1500346427812	Marionette	WARN	TLS certificate errors will be ignored for this session
1500346435844	Marionette	INFO	New connections will no longer be accepted
1500346436221	geckodriver	INFO	Listening on 127.0.0.1:47537
1500346437574	geckodriver::marionette	INFO	Starting browser /usr/bin/firefox with args ["-marionette"]
1500346442941	Marionette	INFO	Listening on port 42951
1500346443380	Marionette	WARN	TLS certificate errors will be ignored for this session
1500346448301	Marionette	INFO	New connections will no longer be accepted
1500346448748	geckodriver	INFO	Listening on 127.0.0.1:47015
1500346449994	geckodriver::marionette	INFO	Starting browser /usr/bin/firefox with args ["-marionette"]
1500346455187	Marionette	INFO	Listening on port 37873
1500346455396	Marionette	WARN	TLS certificate errors will be ignored for this session
1500346456719	Marionette	INFO	New connections will no longer be accepted
1500348626176	geckodriver	INFO	Listening on 127.0.0.1:48193
1500348628072	geckodriver::marionette	INFO	Starting browser /usr/bin/firefox with args ["-marionette"]
1500348640172	Marionette	INFO	Listening on port 45319
1500348640998	Marionette	WARN	TLS certificate errors will be ignored for this session
1500348652911	Marionette	INFO	New connections will no longer be accepted
1500348653485	geckodriver	INFO	Listening on 127.0.0.1:54699
1500348655070	geckodriver::marionette	INFO	Starting browser /usr/bin/firefox with args ["-marionette"]
1500348668255	Marionette	INFO	Listening on port 37059
1500348669434	Marionette	WARN	TLS certificate errors will be ignored for this session
1500348678807	Marionette	INFO	New connections will no longer be accepted
1500348679616	geckodriver	INFO	Listening on 127.0.0.1:33841
1500348681324	geckodriver::marionette	INFO	Starting browser /usr/bin/firefox with args ["-marionette"]
1500348695347	Marionette	INFO	Listening on port 43311
1500348695733	Marionette	WARN	TLS certificate errors will be ignored for this session
1500348699377	Marionette	INFO	New connections will no longer be accepted
1500348856177	geckodriver	INFO	Listening on 127.0.0.1:54519
1500348857873	geckodriver::marionette	INFO	Starting browser /usr/bin/firefox with args ["-marionette"]
1500348869779	Marionette	INFO	Listening on port 38719
1500348870206	Marionette	WARN	TLS certificate errors will be ignored for this session
1500348881161	Marionette	INFO	New connections will no longer be accepted
1500348882003	geckodriver	INFO	Listening on 127.0.0.1:38697
1500348883973	geckodriver::marionette	INFO	Starting browser /usr/bin/firefox with args ["-marionette"]
1500348897057	Marionette	INFO	Listening on port 44733
1500348897388	Marionette	WARN	TLS certificate errors will be ignored for this session
1500348905114	Marionette	INFO	New connections will no longer be accepted
1500348905951	geckodriver	INFO	Listening on 127.0.0.1:48653
1500348907693	geckodriver::marionette	INFO	Starting browser /usr/bin/firefox with args ["-marionette"]
1500348921306	Marionette	INFO	Listening on port 33201
1500348921671	Marionette	WARN	TLS certificate errors will be ignored for this session
1500348929824	Marionette	INFO	New connections will no longer be accepted
1500349366769	geckodriver	INFO	Listening on 127.0.0.1:59371
1500349368052	geckodriver::marionette	INFO	Starting browser /usr/bin/firefox with args ["-marionette"]
1500349373916	Marionette	INFO	Listening on port 44135
1500349374204	Marionette	WARN	TLS certificate errors will be ignored for this session
1500349382140	Marionette	INFO	New connections will no longer be accepted
1500349382584	geckodriver	INFO	Listening on 127.0.0.1:40203
1500349383823	geckodriver::marionette	INFO	Starting browser /usr/bin/firefox with args ["-marionette"]
1500349390160	Marionette	INFO	Listening on port 45723
1500349390394	Marionette	WARN	TLS certificate errors will be ignored for this session
1500349395274	Marionette	INFO	New connections will no longer be accepted
1500349395742	geckodriver	INFO	Listening on 127.0.0.1:41317
1500349396965	geckodriver::marionette	INFO	Starting browser /usr/bin/firefox with args ["-marionette"]
1500349402831	Marionette	INFO	Listening on port 45951
1500349403012	Marionette	WARN	TLS certificate errors will be ignored for this session
1500349408163	Marionette	INFO	New connections will no longer be accepted
1500349449727	geckodriver	INFO	Listening on 127.0.0.1:58363
1500349451369	geckodriver::marionette	INFO	Starting browser /usr/bin/firefox with args ["-marionette"]
1500349463881	Marionette	INFO	Listening on port 36469
1500349464305	Marionette	WARN	TLS certificate errors will be ignored for this session
1500349475081	Marionette	INFO	New connections will no longer be accepted
1500349475659	geckodriver	INFO	Listening on 127.0.0.1:59081
1500349477311	geckodriver::marionette	INFO	Starting browser /usr/bin/firefox with args ["-marionette"]
1500349489766	Marionette	INFO	Listening on port 38935
1500349490351	Marionette	WARN	TLS certificate errors will be ignored for this session
1500349497402	Marionette	INFO	New connections will no longer be accepted
1500349498135	geckodriver	INFO	Listening on 127.0.0.1:38785
1500349499721	geckodriver::marionette	INFO	Starting browser /usr/bin/firefox with args ["-marionette"]
1500349512688	Marionette	INFO	Listening on port 44403
1500349513201	Marionette	WARN	TLS certificate errors will be ignored for this session
1500349520691	Marionette	INFO	New connections will no longer be accepted
1500564726027	geckodriver	INFO	Listening on 127.0.0.1:37229
1500564727215	geckodriver::marionette	INFO	Starting browser /usr/bin/firefox with args ["-marionette"]
1500564731914	Marionette	INFO	Listening on port 33399
1500564732120	Marionette	WARN	TLS certificate errors will be ignored for this session
1500564739811	Marionette	INFO	New connections will no longer be accepted
1500564740178	geckodriver	INFO	Listening on 127.0.0.1:47605
1500564741343	geckodriver::marionette	INFO	Starting browser /usr/bin/firefox with args ["-marionette"]
1500564745203	Marionette	INFO	Listening on port 34667
1500564745383	Marionette	WARN	TLS certificate errors will be ignored for this session
1500564749881	Marionette	INFO	New connections will no longer be accepted
JavaScript error: resource://gre/components/nsUrlClassifierListManager.js, line 536: TypeError: this.tablesData[table] is undefined
1500564750333	geckodriver	INFO	Listening on 127.0.0.1:48079
1500564751487	geckodriver::marionette	INFO	Starting browser /usr/bin/firefox with args ["-marionette"]
1500564755298	Marionette	INFO	Listening on port 44503
1500564755477	Marionette	WARN	TLS certificate errors will be ignored for this session
1500564760043	Marionette	INFO	New connections will no longer be accepted
1500584518700	geckodriver	INFO	Listening on 127.0.0.1:47753
1500584519919	geckodriver::marionette	INFO	Starting browser /usr/bin/firefox with args ["-marionette"]
1500584524443	Marionette	INFO	Listening on port 36023
1500584524786	Marionette	WARN	TLS certificate errors will be ignored for this session
1500584525857	Marionette	INFO	New connections will no longer be accepted
1500584526272	geckodriver	INFO	Listening on 127.0.0.1:41353
1500584527454	geckodriver::marionette	INFO	Starting browser /usr/bin/firefox with args ["-marionette"]
1500584531465	Marionette	INFO	Listening on port 43665
1500584531615	Marionette	WARN	TLS certificate errors will be ignored for this session
1500584535508	Marionette	INFO	New connections will no longer be accepted
1501003173499	geckodriver	INFO	Listening on 127.0.0.1:48821
1501003174731	geckodriver::marionette	INFO	Starting browser /usr/bin/firefox with args ["-marionette"]
1501003179444	Marionette	INFO	Listening on port 41113
1501003179624	Marionette	WARN	TLS certificate errors will be ignored for this session
1501003187248	Marionette	INFO	New connections will no longer be accepted
1501003187636	geckodriver	INFO	Listening on 127.0.0.1:50681
1501003188893	geckodriver::marionette	INFO	Starting browser /usr/bin/firefox with args ["-marionette"]
1501003193145	Marionette	INFO	Listening on port 44259
1501003193330	Marionette	WARN	TLS certificate errors will be ignored for this session
1501003197982	Marionette	INFO	New connections will no longer be accepted
1501003198443	geckodriver	INFO	Listening on 127.0.0.1:51313
1501003199612	geckodriver::marionette	INFO	Starting browser /usr/bin/firefox with args ["-marionette"]
1501003203466	Marionette	INFO	Listening on port 41423
1501003203674	Marionette	WARN	TLS certificate errors will be ignored for this session
1501003208352	Marionette	INFO	New connections will no longer be accepted
1501003228943	geckodriver	INFO	Listening on 127.0.0.1:55991
1501003230113	geckodriver::marionette	INFO	Starting browser /usr/bin/firefox with args ["-marionette"]
1501003233801	Marionette	INFO	Listening on port 41293
1501003233968	Marionette	WARN	TLS certificate errors will be ignored for this session
1501003237556	Marionette	INFO	New connections will no longer be accepted
1501003237954	geckodriver	INFO	Listening on 127.0.0.1:54195
1501003239092	geckodriver::marionette	INFO	Starting browser /usr/bin/firefox with args ["-marionette"]
1501003380888	geckodriver	INFO	Listening on 127.0.0.1:52077
1501003382046	geckodriver::marionette	INFO	Starting browser /usr/bin/firefox with args ["-marionette"]
1501003385670	Marionette	INFO	Listening on port 36507
1501003385841	Marionette	WARN	TLS certificate errors will be ignored for this session
1501003393143	Marionette	INFO	New connections will no longer be accepted
1501003393499	geckodriver	INFO	Listening on 127.0.0.1:49289
1501003394637	geckodriver::marionette	INFO	Starting browser /usr/bin/firefox with args ["-marionette"]
1501003398334	Marionette	INFO	Listening on port 39011
1501003398591	Marionette	WARN	TLS certificate errors will be ignored for this session
1501003403160	Marionette	INFO	New connections will no longer be accepted
1501003403548	geckodriver	INFO	Listening on 127.0.0.1:41511
1501003404730	geckodriver::marionette	INFO	Starting browser /usr/bin/firefox with args ["-marionette"]
1501003408508	Marionette	INFO	Listening on port 33127
1501003408723	Marionette	WARN	TLS certificate errors will be ignored for this session
1501003413382	Marionette	INFO	New connections will no longer be accepted
1501011146841	geckodriver	INFO	Listening on 127.0.0.1:60443
1501011148034	geckodriver::marionette	INFO	Starting browser /usr/bin/firefox with args ["-marionette"]
1501011151892	Marionette	INFO	Listening on port 36827
1501011152089	Marionette	WARN	TLS certificate errors will be ignored for this session
1501011152747	Marionette	INFO	New connections will no longer be accepted
1501011153155	geckodriver	INFO	Listening on 127.0.0.1:58767
1501011154311	geckodriver::marionette	INFO	Starting browser /usr/bin/firefox with args ["-marionette"]
1501011158352	Marionette	INFO	Listening on port 36603
1501011158496	Marionette	WARN	TLS certificate errors will be ignored for this session
1501011261569	geckodriver	INFO	Listening on 127.0.0.1:43361
1501011262742	geckodriver::marionette	INFO	Starting browser /usr/bin/firefox with args ["-marionette"]
1501011266707	Marionette	INFO	Listening on port 45449
1501011266922	Marionette	WARN	TLS certificate errors will be ignored for this session
1501011273759	Marionette	INFO	New connections will no longer be accepted
1501011274113	geckodriver	INFO	Listening on 127.0.0.1:35897
1501011275240	geckodriver::marionette	INFO	Starting browser /usr/bin/firefox with args ["-marionette"]
1501011278799	Marionette	INFO	Listening on port 39717
1501011278949	Marionette	WARN	TLS certificate errors will be ignored for this session
1501011283403	Marionette	INFO	New connections will no longer be accepted
1501011283787	geckodriver	INFO	Listening on 127.0.0.1:41531
1501011284935	geckodriver::marionette	INFO	Starting browser /usr/bin/firefox with args ["-marionette"]
1501011288599	Marionette	INFO	Listening on port 36997
1501011288824	Marionette	WARN	TLS certificate errors will be ignored for this session
1501011289827	Marionette	INFO	New connections will no longer be accepted
1501012697853	geckodriver	INFO	Listening on 127.0.0.1:34749
1501012699047	geckodriver::marionette	INFO	Starting browser /usr/bin/firefox with args ["-marionette"]
1501012703303	Marionette	INFO	Listening on port 46701
1501012703514	Marionette	WARN	TLS certificate errors will be ignored for this session
1501012710908	Marionette	INFO	New connections will no longer be accepted
1501012711245	geckodriver	INFO	Listening on 127.0.0.1:58331
1501012712445	geckodriver::marionette	INFO	Starting browser /usr/bin/firefox with args ["-marionette"]
1501012716550	Marionette	INFO	Listening on port 38339
1501012716743	Marionette	WARN	TLS certificate errors will be ignored for this session
1501012720968	Marionette	INFO	New connections will no longer be accepted
1501012721439	geckodriver	INFO	Listening on 127.0.0.1:46371
1501012722600	geckodriver::marionette	INFO	Starting browser /usr/bin/firefox with args ["-marionette"]
1501012726262	Marionette	INFO	Listening on port 38007
1501012726459	Marionette	WARN	TLS certificate errors will be ignored for this session
1501012727514	Marionette	INFO	New connections will no longer be accepted
1501012866476	geckodriver	INFO	Listening on 127.0.0.1:42915
1501012867638	geckodriver::marionette	INFO	Starting browser /usr/bin/firefox with args ["-marionette"]
1501012871196	Marionette	INFO	Listening on port 40147
1501012871443	Marionette	WARN	TLS certificate errors will be ignored for this session
1501012878562	Marionette	INFO	New connections will no longer be accepted
1501012878875	geckodriver	INFO	Listening on 127.0.0.1:36387
1501012880010	geckodriver::marionette	INFO	Starting browser /usr/bin/firefox with args ["-marionette"]
1501012883716	Marionette	INFO	Listening on port 34537
1501012883894	Marionette	WARN	TLS certificate errors will be ignored for this session
1501012888213	Marionette	INFO	New connections will no longer be accepted
1501012888593	geckodriver	INFO	Listening on 127.0.0.1:38617
1501012889773	geckodriver::marionette	INFO	Starting browser /usr/bin/firefox with args ["-marionette"]
1501012893457	Marionette	INFO	Listening on port 39209
1501012893667	Marionette	WARN	TLS certificate errors will be ignored for this session
1501012898313	Marionette	INFO	New connections will no longer be accepted
1501013053175	geckodriver	INFO	Listening on 127.0.0.1:33055
1501013054392	geckodriver::marionette	INFO	Starting browser /usr/bin/firefox with args ["-marionette"]
1501013058187	Marionette	INFO	Listening on port 37241
1501013058411	Marionette	WARN	TLS certificate errors will be ignored for this session
1501013065964	Marionette	INFO	New connections will no longer be accepted
1501013066370	geckodriver	INFO	Listening on 127.0.0.1:54133
1501013067507	geckodriver::marionette	INFO	Starting browser /usr/bin/firefox with args ["-marionette"]
1501013071300	Marionette	INFO	Listening on port 46093
1501013071515	Marionette	WARN	TLS certificate errors will be ignored for this session
1501013076049	Marionette	INFO	New connections will no longer be accepted
1501013076411	geckodriver	INFO	Listening on 127.0.0.1:59183
1501013077576	geckodriver::marionette	INFO	Starting browser /usr/bin/firefox with args ["-marionette"]
1501013081338	Marionette	INFO	Listening on port 42075
1501013081521	Marionette	WARN	TLS certificate errors will be ignored for this session
1501013086353	Marionette	INFO	New connections will no longer be accepted
